<?xml version="1.0" encoding="UTF-8"?>
<!-- Generated by org.testng.reporters.JUnitXMLReporter -->
<testsuite hostname="vivmy.local" name="Default test" tests="6" failures="0" timestamp="6 Sep 2015 15:51:30 GMT" time="91.305" errors="0">
  <testcase name="SearchMovieTestPositive" time="4.214" classname="viv.SearchMovieTestPositive"/>
  <testcase name="testLoginAdmin" time="2.864" classname="viv.LoginTest"/>
  <testcase name="SearchMovieTestNegative" time="4.761" classname="viv.SearchMovieTestNegative"/>
  <testcase name="AddMovieTestNegative" time="6.135" classname="viv.AddMovieTestNegative"/>
  <testcase name="RemoveMovieTest" time="8.395" classname="viv.RemoveMovieTest"/>
  <testcase name="AddMovieTestPositive" time="12.156" classname="viv.AddMovieTest"/>
</testsuite> <!-- Default test -->
