<?xml version="1.0" encoding="UTF-8"?>
<testng-results skipped="0" failed="0" total="1" passed="1">
  <reporter-output>
  </reporter-output>
  <suite name="Default suite" duration-ms="61752" started-at="2015-09-06T01:46:56Z" finished-at="2015-09-06T01:47:58Z">
    <groups>
    </groups>
    <test name="Default test" duration-ms="61752" started-at="2015-09-06T01:46:56Z" finished-at="2015-09-06T01:47:58Z">
      <class name="viv.RemoveMovieTest">
        <test-method status="PASS" signature="init()[pri:0, instance:viv.RemoveMovieTest@4426a725]" name="init" is-config="true" duration-ms="7767" started-at="2015-09-05T21:46:56Z" finished-at="2015-09-05T21:47:04Z">
          <reporter-output>
          </reporter-output>
        </test-method> <!-- init -->
        <test-method status="PASS" signature="RemoveMovieTest()[pri:0, instance:viv.RemoveMovieTest@4426a725]" name="RemoveMovieTest" duration-ms="53954" started-at="2015-09-05T21:47:04Z" finished-at="2015-09-05T21:47:58Z">
          <reporter-output>
          </reporter-output>
        </test-method> <!-- RemoveMovieTest -->
        <test-method status="PASS" signature="tearDown()[pri:0, instance:viv.RemoveMovieTest@4426a725]" name="tearDown" is-config="true" duration-ms="1" started-at="2015-09-05T21:47:58Z" finished-at="2015-09-05T21:47:58Z">
          <reporter-output>
          </reporter-output>
        </test-method> <!-- tearDown -->
      </class> <!-- viv.RemoveMovieTest -->
    </test> <!-- Default test -->
  </suite> <!-- Default suite -->
</testng-results>
